<?xml version="1.0" encoding="UTF-8"?>
<testng-results ignored="0" total="0" passed="0" failed="0" skipped="0">
  <reporter-output>
  </reporter-output>
  <suite started-at="2024-07-04T14:08:52 GST" name="Default suite" finished-at="2024-07-04T14:08:52 GST" duration-ms="12">
    <groups>
    </groups>
    <test started-at="2024-07-04T14:08:52 GST" name="Default test" finished-at="2024-07-04T14:08:52 GST" duration-ms="12">
    </test> <!-- Default test -->
  </suite> <!-- Default suite -->
</testng-results>
